run: 0 cpus: 1 time: 35.132000
run: 1 cpus: 1 time: 35.094000
run: 2 cpus: 1 time: 37.993000
run: 3 cpus: 1 time: 33.782000
run: 4 cpus: 1 time: 36.356000
run: 0 cpus: 2 time: 21.240000
run: 1 cpus: 2 time: 21.031000
run: 2 cpus: 2 time: 21.445000
run: 3 cpus: 2 time: 20.336000
run: 4 cpus: 2 time: 17.434000
run: 0 cpus: 3 time: 15.405000
run: 1 cpus: 3 time: 16.026000
run: 2 cpus: 3 time: 16.654000
run: 3 cpus: 3 time: 16.066000
run: 4 cpus: 3 time: 15.812000
run: 0 cpus: 4 time: 14.156000
run: 1 cpus: 4 time: 14.544000
run: 2 cpus: 4 time: 14.902000
run: 3 cpus: 4 time: 14.085000
run: 4 cpus: 4 time: 14.809000
run: 0 cpus: 5 time: 12.829000
run: 1 cpus: 5 time: 13.521000
run: 2 cpus: 5 time: 13.953000
run: 3 cpus: 5 time: 13.950000
run: 4 cpus: 5 time: 13.801000
run: 0 cpus: 6 time: 13.690000
run: 1 cpus: 6 time: 13.461000
run: 2 cpus: 6 time: 12.692000
run: 3 cpus: 6 time: 13.713000
run: 4 cpus: 6 time: 13.588000
run: 0 cpus: 7 time: 14.212000
run: 1 cpus: 7 time: 14.044000
run: 2 cpus: 7 time: 13.900000
run: 3 cpus: 7 time: 13.893000
run: 4 cpus: 7 time: 13.928000
run: 0 cpus: 8 time: 14.500000
run: 1 cpus: 8 time: 14.695000
run: 2 cpus: 8 time: 14.667000
run: 3 cpus: 8 time: 14.148000
run: 4 cpus: 8 time: 14.171000
run: 0 cpus: 9 time: 13.960000
run: 1 cpus: 9 time: 13.606000
run: 2 cpus: 9 time: 14.879000
run: 3 cpus: 9 time: 13.761000
run: 4 cpus: 9 time: 14.166000
run: 0 cpus: 10 time: 14.481000
run: 1 cpus: 10 time: 13.789000
run: 2 cpus: 10 time: 14.454000
run: 3 cpus: 10 time: 13.685000
run: 4 cpus: 10 time: 13.624000
run: 0 cpus: 11 time: 14.649000
run: 1 cpus: 11 time: 14.745000
run: 2 cpus: 11 time: 14.014000
run: 3 cpus: 11 time: 14.476000
run: 4 cpus: 11 time: 14.188000
run: 0 cpus: 12 time: 14.360000
run: 1 cpus: 12 time: 14.897000
run: 2 cpus: 12 time: 14.681000
run: 3 cpus: 12 time: 14.095000
run: 4 cpus: 12 time: 15.584000
run: 0 cpus: 13 time: 15.081000
run: 1 cpus: 13 time: 15.298000
run: 2 cpus: 13 time: 13.739000
run: 3 cpus: 13 time: 14.863000
run: 4 cpus: 13 time: 15.912000
run: 0 cpus: 14 time: 15.241000
run: 1 cpus: 14 time: 15.598000
run: 2 cpus: 14 time: 14.877000
run: 3 cpus: 14 time: 15.216000
run: 4 cpus: 14 time: 15.403000
run: 0 cpus: 15 time: 15.667000
run: 1 cpus: 15 time: 15.507000
run: 2 cpus: 15 time: 15.058000
run: 3 cpus: 15 time: 14.735000
run: 4 cpus: 15 time: 14.193000
run: 0 cpus: 16 time: 14.872000
run: 1 cpus: 16 time: 16.048000
run: 2 cpus: 16 time: 16.253000
run: 3 cpus: 16 time: 15.878000
run: 4 cpus: 16 time: 15.472000
