run: 0 cpus: 1 time: 35.329000
run: 1 cpus: 1 time: 24.033000
run: 2 cpus: 1 time: 35.915000
run: 3 cpus: 1 time: 32.623000
run: 4 cpus: 1 time: 29.750000
run: 0 cpus: 2 time: 17.523000
run: 1 cpus: 2 time: 11.402000
run: 2 cpus: 2 time: 15.959000
run: 3 cpus: 2 time: 17.388000
run: 4 cpus: 2 time: 17.677000
run: 0 cpus: 3 time: 12.128000
run: 1 cpus: 3 time: 11.997000
run: 2 cpus: 3 time: 12.494000
run: 3 cpus: 3 time: 11.419000
run: 4 cpus: 3 time: 10.734000
run: 0 cpus: 4 time: 9.631000
run: 1 cpus: 4 time: 9.364000
run: 2 cpus: 4 time: 8.321000
run: 3 cpus: 4 time: 8.044000
run: 4 cpus: 4 time: 8.230000
run: 0 cpus: 5 time: 7.637000
run: 1 cpus: 5 time: 6.954000
run: 2 cpus: 5 time: 7.859000
run: 3 cpus: 5 time: 8.175000
run: 4 cpus: 5 time: 7.514000
run: 0 cpus: 6 time: 6.100000
run: 1 cpus: 6 time: 5.795000
run: 2 cpus: 6 time: 6.764000
run: 3 cpus: 6 time: 6.503000
run: 4 cpus: 6 time: 6.988000
run: 0 cpus: 7 time: 5.917000
run: 1 cpus: 7 time: 5.567000
run: 2 cpus: 7 time: 5.529000
run: 3 cpus: 7 time: 6.036000
run: 4 cpus: 7 time: 5.364000
run: 0 cpus: 8 time: 4.368000
run: 1 cpus: 8 time: 5.492000
run: 2 cpus: 8 time: 5.691000
run: 3 cpus: 8 time: 5.349000
run: 4 cpus: 8 time: 5.018000
run: 0 cpus: 9 time: 4.445000
run: 1 cpus: 9 time: 5.328000
run: 2 cpus: 9 time: 5.535000
run: 3 cpus: 9 time: 5.303000
run: 4 cpus: 9 time: 5.325000
run: 0 cpus: 10 time: 5.068000
run: 1 cpus: 10 time: 5.145000
run: 2 cpus: 10 time: 4.970000
run: 3 cpus: 10 time: 4.903000
run: 4 cpus: 10 time: 4.690000
run: 0 cpus: 11 time: 4.958000
run: 1 cpus: 11 time: 5.050000
run: 2 cpus: 11 time: 5.152000
run: 3 cpus: 11 time: 5.253000
run: 4 cpus: 11 time: 4.854000
run: 0 cpus: 12 time: 4.709000
run: 1 cpus: 12 time: 3.939000
run: 2 cpus: 12 time: 4.720000
run: 3 cpus: 12 time: 4.368000
run: 4 cpus: 12 time: 5.229000
run: 0 cpus: 13 time: 5.013000
run: 1 cpus: 13 time: 4.916000
run: 2 cpus: 13 time: 4.776000
run: 3 cpus: 13 time: 4.611000
run: 4 cpus: 13 time: 4.869000
run: 0 cpus: 14 time: 4.482000
run: 1 cpus: 14 time: 4.921000
run: 2 cpus: 14 time: 5.165000
run: 3 cpus: 14 time: 4.902000
run: 4 cpus: 14 time: 4.677000
run: 0 cpus: 15 time: 4.639000
run: 1 cpus: 15 time: 4.665000
run: 2 cpus: 15 time: 4.886000
run: 3 cpus: 15 time: 4.833000
run: 4 cpus: 15 time: 4.926000
run: 0 cpus: 16 time: 4.813000
run: 1 cpus: 16 time: 4.743000
run: 2 cpus: 16 time: 4.690000
run: 3 cpus: 16 time: 4.710000
run: 4 cpus: 16 time: 4.657000
